<?xml version="1.0" encoding="UTF-8"?>
<!-- Generated by org.testng.reporters.JUnitReportReporter -->
<testsuite hostname="Mrunmayee" failures="0" tests="1" name="testslayer.HelpPageLoadTest" time="86.050" errors="0" timestamp="2024-12-07T07:15:41 IST" skipped="0">
  <testcase classname="testslayer.HelpPageLoadTest" name="HelpPageLoad" time="86.050"/>
  <system-out/>
</testsuite> <!-- testslayer.HelpPageLoadTest -->
