<?xml version="1.0" encoding="UTF-8"?>
<!-- Generated by org.testng.reporters.JUnitReportReporter -->
<testsuite hostname="Mrunmayee" failures="0" tests="1" name="testslayer.LoginTest" time="22.626" errors="0" timestamp="2024-12-10T21:24:21 IST" skipped="0">
  <testcase classname="testslayer.LoginTest" name="loginTest" time="22.626"/>
  <system-out/>
</testsuite> <!-- testslayer.LoginTest -->
