<?xml version="1.0" encoding="UTF-8"?>
<!-- Generated by org.testng.reporters.JUnitReportReporter -->
<testsuite hostname="Mrunmayee" failures="0" tests="1" name="edurekatraining.NewTest" time="1.827" errors="0" timestamp="2024-11-26T08:48:01 IST" skipped="0">
  <testcase classname="edurekatraining.NewTest" name="methodone" time="1.827"/>
  <system-out/>
</testsuite> <!-- edurekatraining.NewTest -->
