<?xml version="1.0" encoding="UTF-8"?>
<!-- Generated by org.testng.reporters.JUnitReportReporter -->
<testsuite hostname="Mrunmayee" failures="0" tests="3" name="testngtest.login" time="21.589" errors="0" timestamp="2024-11-26T23:28:07 IST" skipped="0">
  <testcase classname="testngtest.login" name="loginPagechrome" time="3.906"/>
  <system-out/>
  <testcase classname="testngtest.login" name="loginPagefirefox" time="8.634"/>
  <system-out/>
  <testcase classname="testngtest.login" name="loginPageedge" time="9.049"/>
  <system-out/>
</testsuite> <!-- testngtest.login -->
