<?xml version="1.0" encoding="UTF-8"?>
<!-- Generated by org.testng.reporters.JUnitReportReporter -->
<testsuite hostname="Mrunmayee" failures="0" tests="1" name="tests.DailyTaskPageLoadTest" time="49.214" errors="0" timestamp="2024-12-03T23:47:47 IST" skipped="0">
  <testcase classname="tests.DailyTaskPageLoadTest" name="DailyTaskPageLoad" time="49.214"/>
  <system-out/>
</testsuite> <!-- tests.DailyTaskPageLoadTest -->
