<?xml version="1.0" encoding="UTF-8"?>
<!-- Generated by org.testng.reporters.JUnitReportReporter -->
<testsuite hostname="Mrunmayee" failures="0" tests="1" name="tests.LoginTest" time="7.382" errors="0" timestamp="2024-12-04T21:11:40 IST" skipped="0">
  <testcase classname="tests.LoginTest" name="login" time="7.382"/>
  <system-out/>
</testsuite> <!-- tests.LoginTest -->
