<?xml version="1.0" encoding="UTF-8"?>
<!-- Generated by org.testng.reporters.JUnitReportReporter -->
<testsuite hostname="Mrunmayee" failures="0" tests="1" name="testslayer.DailyTaskPageLoadTest" time="18.846" errors="0" timestamp="2024-12-05T20:44:29 IST" skipped="0">
  <testcase classname="testslayer.DailyTaskPageLoadTest" name="DailyTaskPageLoad" time="18.846"/>
  <system-out/>
</testsuite> <!-- testslayer.DailyTaskPageLoadTest -->
