<?xml version="1.0" encoding="UTF-8"?>
<!-- Generated by org.testng.reporters.JUnitReportReporter -->
<testsuite hostname="Mrunmayee" failures="0" tests="1" name="testbase.BaseClass" time="7.259" errors="0" timestamp="2024-12-05T19:08:25 IST" skipped="0">
  <testcase classname="testbase.BaseClass" name="initialization" time="7.259"/>
  <system-out/>
</testsuite> <!-- testbase.BaseClass -->
