<?xml version="1.0" encoding="UTF-8"?>
<!-- Generated by org.testng.reporters.JUnitReportReporter -->
<testsuite hostname="Mrunmayee" failures="0" tests="1" name="testslayer.LoginTest" time="18.853" errors="0" timestamp="2024-12-05T19:35:58 IST" skipped="0">
  <testcase classname="testslayer.LoginTest" name="loginTest" time="18.853"/>
  <system-out/>
</testsuite> <!-- testslayer.LoginTest -->
