<?xml version="1.0" encoding="UTF-8"?>
<!-- Generated by org.testng.reporters.JUnitReportReporter -->
<testsuite hostname="Mrunmayee" failures="0" tests="1" name="tests.HelpPageLoadTest" time="20.274" errors="0" timestamp="2024-12-04T21:15:19 IST" skipped="0">
  <testcase classname="tests.HelpPageLoadTest" name="HelpPageLoad" time="20.274"/>
  <system-out/>
</testsuite> <!-- tests.HelpPageLoadTest -->
