<?xml version="1.0" encoding="UTF-8"?>
<!-- Generated by org.testng.reporters.JUnitReportReporter -->
<testsuite hostname="Mrunmayee" failures="0" tests="3" name="testngtest.login" time="22.008" errors="0" timestamp="2024-11-26T22:34:21 IST" skipped="0">
  <testcase classname="testngtest.login" name="loginPagechrome" time="7.140"/>
  <testcase classname="testngtest.login" name="loginPagefirefox" time="8.695"/>
  <testcase classname="testngtest.login" name="loginPageedge" time="6.173"/>
</testsuite> <!-- testngtest.login -->
